<?xml version="1.0" encoding="UTF-8"?>
<testng-results ignored="0" total="1" passed="1" failed="0" skipped="0">
  <reporter-output>
  </reporter-output>
  <suite started-at="2022-01-27T10:09:06 IST" name="Suite" finished-at="2022-01-27T10:09:25 IST" duration-ms="18574">
    <groups>
    </groups>
    <test started-at="2022-01-27T10:09:06 IST" name="Test" finished-at="2022-01-27T10:09:25 IST" duration-ms="18574">
      <class name="testCase_DemoWebshop_TestNG.LoginPage">
        <test-method signature="Login()[pri:0, instance:testCase_DemoWebshop_TestNG.LoginPage@2b662a77]" started-at="2022-01-27T10:09:06 IST" name="Login" finished-at="2022-01-27T10:09:25 IST" duration-ms="18522" status="PASS">
          <reporter-output>
          </reporter-output>
        </test-method> <!-- Login -->
      </class> <!-- testCase_DemoWebshop_TestNG.LoginPage -->
    </test> <!-- Test -->
  </suite> <!-- Suite -->
</testng-results>
